<?xml version="1.0" encoding="UTF-8"?>
<coverage generated="1751393298129" clover="3.2.0">
  <project timestamp="1751393298129" name="All files">
    <metrics statements="30" coveredstatements="13" conditionals="10" coveredconditionals="2" methods="4" coveredmethods="1" elements="44" coveredelements="16" complexity="0" loc="30" ncloc="30" packages="1" files="1" classes="1"/>
    <file name="fileUpload.ts" path="C:\Users\Gc\Desktop\e-commerce-fake\src\helpers\fileUpload.ts">
      <metrics statements="30" coveredstatements="13" conditionals="10" coveredconditionals="2" methods="4" coveredmethods="1"/>
      <line num="1" count="1" type="stmt"/>
      <line num="2" count="1" type="cond" truecount="1" falsecount="1"/>
      <line num="3" count="1" type="stmt"/>
      <line num="4" count="1" type="stmt"/>
      <line num="5" count="1" type="stmt"/>
      <line num="6" count="1" type="stmt"/>
      <line num="8" count="1" type="stmt"/>
      <line num="9" count="1" type="stmt"/>
      <line num="13" count="1" type="cond" truecount="1" falsecount="1"/>
      <line num="14" count="0" type="stmt"/>
      <line num="16" count="1" type="stmt"/>
      <line num="17" count="1" type="stmt"/>
      <line num="19" count="0" type="stmt"/>
      <line num="20" count="0" type="stmt"/>
      <line num="25" count="1" type="stmt"/>
      <line num="26" count="0" type="stmt"/>
      <line num="27" count="0" type="cond" truecount="0" falsecount="2"/>
      <line num="28" count="0" type="stmt"/>
      <line num="29" count="0" type="stmt"/>
      <line num="30" count="0" type="stmt"/>
      <line num="31" count="0" type="stmt"/>
      <line num="32" count="0" type="stmt"/>
      <line num="34" count="0" type="stmt"/>
      <line num="38" count="1" type="stmt"/>
      <line num="39" count="0" type="stmt"/>
      <line num="41" count="0" type="cond" truecount="0" falsecount="4"/>
      <line num="42" count="0" type="stmt"/>
      <line num="46" count="0" type="stmt"/>
      <line num="47" count="0" type="stmt"/>
      <line num="50" count="0" type="stmt"/>
    </file>
  </project>
</coverage>
