{"C:\\Users\\Gc\\Desktop\\e-commerce-fake\\src\\helpers\\fileUpload.ts": {"path":"C:\\Users\\Gc\\Desktop\\e-commerce-fake\\src\\helpers\\fileUpload.ts","statementMap":{"0":{"start":{"line":1,"column":26},"end":{"line":22,"column":1}},"1":{"start":{"line":2,"column":4},"end":{"line":2,"column":60}},"2":{"start":{"line":2,"column":15},"end":{"line":2,"column":60}},"3":{"start":{"line":3,"column":21},"end":{"line":3,"column":71}},"4":{"start":{"line":4,"column":21},"end":{"line":4,"column":35}},"5":{"start":{"line":5,"column":4},"end":{"line":5,"column":56}},"6":{"start":{"line":6,"column":4},"end":{"line":6,"column":34}},"7":{"start":{"line":8,"column":4},"end":{"line":21,"column":5}},"8":{"start":{"line":9,"column":25},"end":{"line":12,"column":10}},"9":{"start":{"line":13,"column":8},"end":{"line":15,"column":9}},"10":{"start":{"line":14,"column":12},"end":{"line":14,"column":57}},"11":{"start":{"line":16,"column":21},"end":{"line":16,"column":42}},"12":{"start":{"line":17,"column":8},"end":{"line":17,"column":31}},"13":{"start":{"line":19,"column":8},"end":{"line":19,"column":59}},"14":{"start":{"line":20,"column":8},"end":{"line":20,"column":53}},"15":{"start":{"line":25,"column":28},"end":{"line":35,"column":1}},"16":{"start":{"line":26,"column":16},"end":{"line":26,"column":39}},"17":{"start":{"line":27,"column":17},"end":{"line":27,"column":61}},"18":{"start":{"line":28,"column":17},"end":{"line":28,"column":29}},"19":{"start":{"line":29,"column":12},"end":{"line":29,"column":23}},"20":{"start":{"line":30,"column":18},"end":{"line":30,"column":35}},"21":{"start":{"line":31,"column":4},"end":{"line":33,"column":5}},"22":{"start":{"line":32,"column":8},"end":{"line":32,"column":38}},"23":{"start":{"line":34,"column":4},"end":{"line":34,"column":55}},"24":{"start":{"line":38,"column":34},"end":{"line":51,"column":1}},"25":{"start":{"line":39,"column":27},"end":{"line":48,"column":6}},"26":{"start":{"line":41,"column":8},"end":{"line":43,"column":9}},"27":{"start":{"line":42,"column":12},"end":{"line":42,"column":26}},"28":{"start":{"line":46,"column":21},"end":{"line":46,"column":77}},"29":{"start":{"line":47,"column":8},"end":{"line":47,"column":38}},"30":{"start":{"line":50,"column":4},"end":{"line":50,"column":45}}},"fnMap":{"0":{"name":"(anonymous_0)","decl":{"start":{"line":1,"column":26},"end":{"line":1,"column":27}},"loc":{"start":{"line":1,"column":48},"end":{"line":22,"column":1}},"line":1},"1":{"name":"(anonymous_1)","decl":{"start":{"line":25,"column":28},"end":{"line":25,"column":29}},"loc":{"start":{"line":25,"column":78},"end":{"line":35,"column":1}},"line":25},"2":{"name":"(anonymous_2)","decl":{"start":{"line":38,"column":34},"end":{"line":38,"column":35}},"loc":{"start":{"line":38,"column":87},"end":{"line":51,"column":1}},"line":38},"3":{"name":"(anonymous_3)","decl":{"start":{"line":39,"column":44},"end":{"line":39,"column":45}},"loc":{"start":{"line":39,"column":69},"end":{"line":48,"column":5}},"line":39}},"branchMap":{"0":{"loc":{"start":{"line":2,"column":4},"end":{"line":2,"column":60}},"type":"if","locations":[{"start":{"line":2,"column":4},"end":{"line":2,"column":60}},{"start":{},"end":{}}],"line":2},"1":{"loc":{"start":{"line":13,"column":8},"end":{"line":15,"column":9}},"type":"if","locations":[{"start":{"line":13,"column":8},"end":{"line":15,"column":9}},{"start":{},"end":{}}],"line":13},"2":{"loc":{"start":{"line":27,"column":17},"end":{"line":27,"column":61}},"type":"binary-expr","locations":[{"start":{"line":27,"column":17},"end":{"line":27,"column":45}},{"start":{"line":27,"column":49},"end":{"line":27,"column":61}}],"line":27},"3":{"loc":{"start":{"line":41,"column":8},"end":{"line":43,"column":9}},"type":"if","locations":[{"start":{"line":41,"column":8},"end":{"line":43,"column":9}},{"start":{},"end":{}}],"line":41},"4":{"loc":{"start":{"line":41,"column":12},"end":{"line":41,"column":73}},"type":"binary-expr","locations":[{"start":{"line":41,"column":12},"end":{"line":41,"column":40}},{"start":{"line":41,"column":44},"end":{"line":41,"column":73}}],"line":41}},"s":{"0":1,"1":1,"2":0,"3":1,"4":1,"5":1,"6":1,"7":1,"8":1,"9":1,"10":0,"11":1,"12":1,"13":0,"14":0,"15":1,"16":0,"17":0,"18":0,"19":0,"20":0,"21":0,"22":0,"23":0,"24":1,"25":0,"26":0,"27":0,"28":0,"29":0,"30":0},"f":{"0":1,"1":0,"2":0,"3":0},"b":{"0":[0,1],"1":[0,1],"2":[0,0],"3":[0,0],"4":[0,0]},"_coverageSchema":"1a1c01bbd47fc00a2c39e90264f33305004495a9","hash":"4df55c958dd4775a16b4e1d1f208149d1f699ae6"}
}
