TN:
SF:src\helpers\fileUpload.ts
FN:1,(anonymous_0)
FN:25,(anonymous_1)
FN:38,(anonymous_2)
FN:39,(anonymous_3)
FNF:4
FNH:1
FNDA:1,(anonymous_0)
FNDA:0,(anonymous_1)
FNDA:0,(anonymous_2)
FNDA:0,(anonymous_3)
DA:1,1
DA:2,1
DA:3,1
DA:4,1
DA:5,1
DA:6,1
DA:8,1
DA:9,1
DA:13,1
DA:14,0
DA:16,1
DA:17,1
DA:19,0
DA:20,0
DA:25,1
DA:26,0
DA:27,0
DA:28,0
DA:29,0
DA:30,0
DA:31,0
DA:32,0
DA:34,0
DA:38,1
DA:39,0
DA:41,0
DA:42,0
DA:46,0
DA:47,0
DA:50,0
LF:30
LH:13
BRDA:2,0,0,0
BRDA:2,0,1,1
BRDA:13,1,0,0
BRDA:13,1,1,1
BRDA:27,2,0,0
BRDA:27,2,1,0
BRDA:41,3,0,0
BRDA:41,3,1,0
BRDA:41,4,0,0
BRDA:41,4,1,0
BRF:10
BRH:2
end_of_record
